12:01:03 Session Information
	Computername: CHVILA8-PC
	Creation date: 11/02/20
	Creation time: 12:01:03
	Session file: CHVILA8-PC_201102-120103.TRF
12:01:42 MppcEtd.Bias functionality flow
	Runmode: Normal
	Info		:	[Connecting to SCUs]:	Connected
	Info		:	[1. App version]:	Application version = 0.4.7
	Info		:	[2. Init bias]:	Bias test step: 5.5
	Info		:	[3. Prepare test Nr 0]:	Input** bias: 0 LoCal: 25 HiCal: 50  output**NextBias:  0 NextRange: 0
	Info		:	[4. Bias functionality test]:	NextBias:  0 NextRange: 0 CtrlCheck:-2.5
	Info		:	[5. Prepare test Nr 1]:	Input** bias: 0 LoCal: 25 HiCal: 50  output**NextBias:  0.374917 NextRange: 0
	Info		:	[6. Bias functionality test]:	NextBias:  0.374917 NextRange: 0 CtrlCheck:-2.5
	Info		:	[7. Prepare test Nr 2]:	Input** bias: 0 LoCal: 25 HiCal: 50  output**NextBias:  0.749833 NextRange: 0
	Info		:	[8. Bias functionality test]:	NextBias:  0.749833 NextRange: 0 CtrlCheck:-2.5
	Info		:	[9. Prepare test Nr 3]:	Input** bias: 0 LoCal: 25 HiCal: 50  output**NextBias:  1.12475 NextRange: 0
	Info		:	[10. Bias functionality test]:	NextBias:  1.12475 NextRange: 0 CtrlCheck:-2.5
	Info		:	[11. Prepare test Nr 4]:	Input** bias: 0 LoCal: 25 HiCal: 50  output**NextBias:  1.49967 NextRange: 0
	Info		:	[12. Bias functionality test]:	NextBias:  1.49967 NextRange: 0 CtrlCheck:-2.5
	Info		:	[13. Prepare test Nr 5]:	Input** bias: 0 LoCal: 25 HiCal: 50  output**NextBias:  0.170417 NextRange: 1
	Info		:	[14. Bias functionality test]:	NextBias:  0.170417 NextRange: 1 CtrlCheck:-2.5
	Info		:	[15. Prepare test Nr 6]:	Input** bias: 0 LoCal: 25 HiCal: 50  output**NextBias:  0.545333 NextRange: 1
	Info		:	[16. Bias functionality test]:	NextBias:  0.545333 NextRange: 1 CtrlCheck:-2.5
	Info		:	[17. Prepare test Nr 7]:	Input** bias: 0 LoCal: 25 HiCal: 50  output**NextBias:  0.92025 NextRange: 1
	Info		:	[18. Bias functionality test]:	NextBias:  0.92025 NextRange: 1 CtrlCheck:-2.5
	Info		:	[19. Prepare test Nr 8]:	Input** bias: 0 LoCal: 25 HiCal: 50  output**NextBias:  1.29517 NextRange: 1
	Info		:	[20. Bias functionality test]:	NextBias:  1.29517 NextRange: 1 CtrlCheck:-2.5
	Info		:	[21. Prepare test Nr 9]:	Input** bias: 0 LoCal: 25 HiCal: 50  output**NextBias:  1.67008 NextRange: 1
	Info		:	[22. Bias functionality test]:	NextBias:  1.67008 NextRange: 1 CtrlCheck:-2.5
	Testresult: OK
